<?xml version="1.0" encoding="UTF-8"?>
<!-- Generated by org.testng.reporters.JUnitReportReporter -->
<testsuite skipped="0" hostname="GST-Vikram" name="com.lakshya.qa.testdata.TestData" tests="1" failures="0" timestamp="02 Nov 2018 12:21:59 GMT" time="0.887" errors="0">
  <testcase name="ReadExcel" time="0.887" classname="com.lakshya.qa.testdata.TestData"/>
</testsuite> <!-- com.lakshya.qa.testdata.TestData -->
