<?xml version="1.0" encoding="UTF-8"?>
<!-- Generated by org.testng.reporters.JUnitReportReporter -->
<testsuite skipped="0" hostname="GST-Vikram" name="com.lakshya.qa.testcases.Testngpage" tests="1" failures="0" timestamp="02 Nov 2018 12:22:00 GMT" time="0.005" errors="0">
  <testcase name="test" time="0.005" classname="com.lakshya.qa.testcases.Testngpage"/>
</testsuite> <!-- com.lakshya.qa.testcases.Testngpage -->
