<?xml version="1.0" encoding="UTF-8"?>
<!-- Generated by org.testng.reporters.JUnitReportReporter -->
<testsuite skipped="0" hostname="GST-Vikram" name="com.lakshya.qa.testdata.TestData" tests="1" failures="0" timestamp="01 Nov 2018 12:21:47 GMT" time="1.045" errors="0">
  <testcase name="ReadExcel" time="1.045" classname="com.lakshya.qa.testdata.TestData"/>
</testsuite> <!-- com.lakshya.qa.testdata.TestData -->
