<?xml version="1.0" encoding="UTF-8"?>
<!-- Generated by org.testng.reporters.JUnitReportReporter -->
<testsuite skipped="0" hostname="GST-Vikram" name="com.lakshya.qa.testcases.Testngpage" tests="1" failures="0" timestamp="01 Nov 2018 07:59:18 GMT" time="0.004" errors="0">
  <testcase name="test" time="0.004" classname="com.lakshya.qa.testcases.Testngpage"/>
</testsuite> <!-- com.lakshya.qa.testcases.Testngpage -->
